<?xml version="1.0" encoding="UTF-8"?>
<testng-results skipped="0" failed="0" ignored="0" total="1" passed="1">
  <reporter-output>
  </reporter-output>
  <suite name="Default suite" duration-ms="10592" started-at="2020-07-28T22:37:32 EDT" finished-at="2020-07-28T22:37:43 EDT">
    <groups>
    </groups>
    <test name="Default test" duration-ms="10592" started-at="2020-07-28T22:37:32 EDT" finished-at="2020-07-28T22:37:43 EDT">
      <class name="test.TestClass">
        <test-method status="PASS" signature="testing1()[pri:0, instance:test.TestClass@3b084709]" name="testing1" duration-ms="10520" started-at="2020-07-28T22:37:32 EDT" finished-at="2020-07-28T22:37:43 EDT">
          <reporter-output>
          </reporter-output>
        </test-method> <!-- testing1 -->
      </class> <!-- test.TestClass -->
    </test> <!-- Default test -->
  </suite> <!-- Default suite -->
</testng-results>
