<?xml version="1.0" encoding="UTF-8"?>
<!-- Generated by org.testng.reporters.JUnitXMLReporter -->
<testsuite hostname="LAPTOP-NG2644BP" ignored="2" name="Default test" tests="1" failures="0" timestamp="2020-08-11T22:25:15 EDT" time="12.737" errors="0">
  <testcase name="multipleElementCheck" time="2.678" classname="test.ReadPropFile"/>
  <testcase name="dressTest" time="0.0" classname="test.ReadPropFile">
    <ignored/>
  </testcase> <!-- dressTest -->
  <testcase name="homepageTest" time="0.0" classname="test.ReadPropFile">
    <ignored/>
  </testcase> <!-- homepageTest -->
</testsuite> <!-- Default test -->
